<?xml version="1.0" encoding="UTF-8"?>
<testsuite xmlns:xsi="http://www.w3.org/2001/XMLSchema-instance" xsi:noNamespaceSchemaLocation="https://maven.apache.org/surefire/maven-surefire-plugin/xsd/surefire-test-report.xsd" name="ListTest" time="0.102" tests="22" errors="0" skipped="0" failures="1">
  <properties>
[...]
</properties>
  <testcase name="test10" classname="ListTest" time="0.01"/>
  <testcase name="test11" classname="ListTest" time="0"/>
  <testcase name="test12" classname="ListTest" time="0"/>
  <testcase name="test13" classname="ListTest" time="0.014">
    <failure message="length should be 1 ==&gt; expected: &lt;1&gt; but was: &lt;0&gt;" type="org.opentest4j.AssertionFailedError"><![CDATA[org.opentest4j.AssertionFailedError: length should be 1 ==> expected: <1> but was: <0>
	at ListTest.test13(ListTest.java:152)
]]></failure>
  </testcase>
  <testcase name="test14" classname="ListTest" time="0.001"/>
  <testcase name="testEmptyList" classname="ListTest" time="0.002"/>
  <testcase name="isLetterA{char}[1]" classname="ListTest" time="0.02"/>
  <testcase name="isLetterA{char}[2]" classname="ListTest" time="0.001"/>
  <testcase name="isLetterA{char}[3]" classname="ListTest" time="0"/>
  <testcase name="isLetterA{char}[4]" classname="ListTest" time="0.001"/>
  <testcase name="test1" classname="ListTest" time="0.001"/>
  <testcase name="test2" classname="ListTest" time="0"/>
  <testcase name="test3" classname="ListTest" time="0.001"/>
  <testcase name="test4" classname="ListTest" time="0"/>
  <testcase name="test5" classname="ListTest" time="0"/>
  <testcase name="test6" classname="ListTest" time="0.001"/>
  <testcase name="test7" classname="ListTest" time="0.001"/>
  <testcase name="test8" classname="ListTest" time="0.001"/>
  <testcase name="test9" classname="ListTest" time="0"/>
  <testcase name="testInitNode" classname="ListTest" time="0"/>
  <testcase name="testInitGS" classname="ListTest" time="0.001"/>
  <testcase name="testNodeVal" classname="ListTest" time="0"/>
</testsuite>